<?xml version="1.0" encoding="UTF-8"?>
<!-- Generated by org.testng.reporters.JUnitXMLReporter -->
<testsuite hostname="Leosavan" name="Test" tests="2" failures="1" timestamp="30 Oct 2013 09:01:45 GMT" time="8.174" errors="0">
  <testcase name="testAddPatient" time="0.096" classname="Aident.TestScripts.AddPatient"/>
  <testcase name="testLogin" time="1.104" classname="Aident.TestScripts.Login">
    <failure type="java.lang.AssertionError" message="expected [Login] but found [Advance Search]">
      <![CDATA[java.lang.AssertionError: expected [Login] but found [Advance Search]
	at Aident.TestScripts.Login.testLogin(Login.java:38)
	at java.util.concurrent.ThreadPoolExecutor$Worker.runTask(Unknown Source)
	at java.util.concurrent.ThreadPoolExecutor$Worker.run(Unknown Source)
	at java.lang.Thread.run(Unknown Source)
... Removed 15 stack frames]]>
    </failure>
  </testcase> <!-- testLogin -->
</testsuite> <!-- Test -->
