<?xml version="1.0" encoding="UTF-8"?>
<!-- Generated by org.testng.reporters.JUnitXMLReporter -->
<testsuite hostname="Leosavan" name="Aident.TestScripts" tests="4" failures="1" timestamp="31 Oct 2013 11:15:30 GMT" time="14442.978" errors="0">
  <testcase name="testSearchPatient" time="0.122" classname="Aident.TestScripts.EditPatient"/>
  <testcase name="testLogin" time="0.2" classname="Aident.TestScripts.Login">
    <failure type="java.lang.AssertionError" message="expected [Login] but found [Advance Search]">
      <![CDATA[java.lang.AssertionError: expected [Login] but found [Advance Search]
	at Aident.TestScripts.Login.testLogin(Login.java:37)
	at java.util.concurrent.ThreadPoolExecutor$Worker.runTask(Unknown Source)
	at java.util.concurrent.ThreadPoolExecutor$Worker.run(Unknown Source)
	at java.lang.Thread.run(Unknown Source)
... Removed 15 stack frames]]>
    </failure>
  </testcase> <!-- testLogin -->
  <testcase name="testSearchPatient" time="23.484" classname="Aident.TestScripts.SearchPatient"/>
  <testcase name="testAddPatient" time="14431.407" classname="Aident.TestScripts.AddPatient"/>
</testsuite> <!-- Aident.TestScripts -->
